<?xml version="1.0" encoding="UTF-8"?>
<!-- Generated by org.testng.reporters.JUnitReportReporter -->
<testsuite skipped="0" hostname="MININT-1THGGB7" name="testautomation.assignmentIN3240.Task2Customer" tests="4" failures="0" timestamp="13 feb 2019 20:23:18 GMT" time="1.640" errors="0">
  <testcase name="login" time="0.473" classname="testautomation.assignmentIN3240.Task2Customer"/>
  <testcase name="create" time="0.404" classname="testautomation.assignmentIN3240.Task2Customer"/>
  <testcase name="update" time="0.368" classname="testautomation.assignmentIN3240.Task2Customer"/>
  <testcase name="delete" time="0.395" classname="testautomation.assignmentIN3240.Task2Customer"/>
</testsuite> <!-- testautomation.assignmentIN3240.Task2Customer -->
