<?xml version="1.0" encoding="UTF-8"?>
<!-- Generated by org.testng.reporters.JUnitReportReporter -->
<testsuite skipped="0" hostname="ozkan" name="testautomation.assignmentIN3240.Task1User" tests="1" failures="0" timestamp="12 feb 2019 21:14:49 GMT" time="0.404" errors="0">
  <testcase name="createNewUser" time="0.404" classname="testautomation.assignmentIN3240.Task1User"/>
</testsuite> <!-- testautomation.assignmentIN3240.Task1User -->
